amap/amap_location_fluttify/android/build/intermediates/manifest_merge_blame_file/debug/manifest-merger-blame-debug-report.txt
1<?xml version="1.0" encoding="utf-8"?>
2<manifest xmlns:android="http://schemas.android.com/apk/res/android"
3    package="me.yohom.amap_location_fluttify" >
4
5    <uses-sdk
6        android:minSdkVersion="16"
6-->src/main/AndroidManifest.xml
7        android:targetSdkVersion="16" />
7-->src/main/AndroidManifest.xml
8    <!-- 用于进行网络定位 -->
9    <uses-permission android:name="android.permission.ACCESS_COARSE_LOCATION" />
9-->src/main/AndroidManifest.xml:4:5-80
9-->src/main/AndroidManifest.xml:4:22-78
10    <!-- 用于访问GPS定位 -->
11    <uses-permission android:name="android.permission.ACCESS_FINE_LOCATION" />
11-->src/main/AndroidManifest.xml:6:5-78
11-->src/main/AndroidManifest.xml:6:22-76
12    <!-- 用于获取运营商信息，用于支持提供运营商信息相关的接口 -->
13    <uses-permission android:name="android.permission.ACCESS_NETWORK_STATE" />
13-->src/main/AndroidManifest.xml:8:5-78
13-->src/main/AndroidManifest.xml:8:22-76
14    <!-- 用于访问wifi网络信息，wifi信息会用于进行网络定位 -->
15    <uses-permission android:name="android.permission.ACCESS_WIFI_STATE" />
15-->src/main/AndroidManifest.xml:10:5-75
15-->src/main/AndroidManifest.xml:10:22-73
16    <!-- 用于获取wifi的获取权限，wifi信息会用来进行网络定位 -->
17    <uses-permission android:name="android.permission.CHANGE_WIFI_STATE" />
17-->src/main/AndroidManifest.xml:12:5-75
17-->src/main/AndroidManifest.xml:12:22-73
18    <!-- 用于访问网络，网络定位需要上网 -->
19    <uses-permission android:name="android.permission.INTERNET" />
19-->src/main/AndroidManifest.xml:14:5-66
19-->src/main/AndroidManifest.xml:14:22-64
20    <!-- 用于读取手机当前的状态 -->
21    <uses-permission android:name="android.permission.READ_PHONE_STATE" />
21-->src/main/AndroidManifest.xml:16:5-74
21-->src/main/AndroidManifest.xml:16:22-72
22    <!-- 用于写入缓存数据到扩展存储卡 -->
23    <uses-permission android:name="android.permission.WRITE_EXTERNAL_STORAGE" />
23-->src/main/AndroidManifest.xml:18:5-80
23-->src/main/AndroidManifest.xml:18:22-78
24    <!-- 用于申请调用A-GPS模块 -->
25    <uses-permission android:name="android.permission.ACCESS_LOCATION_EXTRA_COMMANDS" />
25-->src/main/AndroidManifest.xml:20:5-88
25-->src/main/AndroidManifest.xml:20:22-86
26    <!-- 用于申请获取蓝牙信息进行室内定位 -->
27    <uses-permission android:name="android.permission.BLUETOOTH" />
27-->src/main/AndroidManifest.xml:22:5-67
27-->src/main/AndroidManifest.xml:22:22-65
28    <uses-permission android:name="android.permission.BLUETOOTH_ADMIN" />
28-->src/main/AndroidManifest.xml:23:5-73
28-->src/main/AndroidManifest.xml:23:22-71
29
30    <application>
30-->src/main/AndroidManifest.xml:25:5-27:19
31        <service android:name="com.amap.api.location.APSService" />
31-->src/main/AndroidManifest.xml:26:9-67
31-->src/main/AndroidManifest.xml:26:18-65
32    </application>
33
34</manifest>